<?xml version="1.0" encoding="UTF-8"?>
<!-- Generated by org.testng.reporters.JUnitReportReporter -->
<testsuite hostname="alpha-PC" name="com.qa.tests.DemoTest" tests="4" failures="0" timestamp="30 Nov 2017 17:35:29 GMT" time="0.025" errors="0">
  <testcase name="sub" time="0.003" classname="com.qa.tests.DemoTest"/>
  <testcase name="sum" time="0.003" classname="com.qa.tests.DemoTest"/>
  <testcase name="div" time="0.017" classname="com.qa.tests.DemoTest"/>
  <testcase name="mul" time="0.002" classname="com.qa.tests.DemoTest"/>
</testsuite> <!-- com.qa.tests.DemoTest -->
